[02:28:12] [main/WARN]: Ambiguity between arguments [teleport, destination] and [teleport, targets] with inputs: [Player, 0123, @e, dd12be42-52a9-4a91-a8a1-11c01849e498]
[02:28:12] [main/WARN]: Ambiguity between arguments [teleport, location] and [teleport, destination] with inputs: [0.1 -0.5 .9, 0 0 0]
[02:28:12] [main/WARN]: Ambiguity between arguments [teleport, location] and [teleport, targets] with inputs: [0.1 -0.5 .9, 0 0 0]
[02:28:12] [main/WARN]: Ambiguity between arguments [teleport, targets] and [teleport, destination] with inputs: [Player, 0123, dd12be42-52a9-4a91-a8a1-11c01849e498]
[02:28:12] [main/WARN]: Ambiguity between arguments [teleport, targets, location] and [teleport, targets, destination] with inputs: [0.1 -0.5 .9, 0 0 0]
[02:28:12] [Server thread/INFO]: Starting minecraft server version 1.14.3
[02:28:12] [Server thread/INFO]: Loading properties
[02:28:12] [Server thread/INFO]: Default game type: SURVIVAL
[02:28:12] [Server thread/INFO]: Generating keypair
[02:28:13] [Server thread/INFO]: Starting Minecraft server on *:40890
[02:28:13] [Server thread/INFO]: Using epoll channel type
[02:28:14] [Server thread/INFO]: Preparing level "world"
[02:28:14] [Server thread/INFO]: Found new data pack vanilla, loading it automatically
[02:28:14] [Server thread/INFO]: Reloading ResourceManager: Default
[02:28:46] [Server thread/INFO]: Loaded 6 recipes
[02:28:46] [Server thread/INFO]: Loaded 811 advancements
[02:28:53] [Server thread/INFO]: Preparing start region for dimension minecraft:overworld
[02:28:53] [Server-Worker-1/INFO]: Preparing spawn area: 0%
[02:28:54] [Server-Worker-2/INFO]: Preparing spawn area: 0%
[02:28:54] [Server-Worker-2/INFO]: Preparing spawn area: 0%
[02:28:55] [Server-Worker-2/INFO]: Preparing spawn area: 0%
[02:28:55] [Server-Worker-1/INFO]: Preparing spawn area: 1%
[02:28:56] [Server-Worker-2/INFO]: Preparing spawn area: 2%
[02:28:56] [Server-Worker-1/INFO]: Preparing spawn area: 3%
[02:28:57] [Server-Worker-2/INFO]: Preparing spawn area: 4%
[02:28:57] [Server-Worker-1/INFO]: Preparing spawn area: 5%
[02:28:58] [Server-Worker-1/INFO]: Preparing spawn area: 5%
[02:28:58] [Server-Worker-1/INFO]: Preparing spawn area: 5%
[02:28:59] [Server-Worker-1/INFO]: Preparing spawn area: 5%
[02:28:59] [Server-Worker-1/INFO]: Preparing spawn area: 9%
[02:29:00] [Server-Worker-1/INFO]: Preparing spawn area: 11%
[02:29:00] [Server-Worker-1/INFO]: Preparing spawn area: 11%
[02:29:01] [Server-Worker-1/INFO]: Preparing spawn area: 13%
[02:29:01] [Server-Worker-1/INFO]: Preparing spawn area: 14%
[02:29:02] [Server-Worker-2/INFO]: Preparing spawn area: 16%
[02:29:02] [Server-Worker-2/INFO]: Preparing spawn area: 16%
[02:29:03] [Server-Worker-2/INFO]: Preparing spawn area: 18%
[02:29:03] [Server-Worker-1/INFO]: Preparing spawn area: 18%
[02:29:04] [Server-Worker-1/INFO]: Preparing spawn area: 21%
[02:29:04] [Server-Worker-1/INFO]: Preparing spawn area: 21%
[02:29:05] [Server-Worker-1/INFO]: Preparing spawn area: 21%
[02:29:05] [Server-Worker-1/INFO]: Preparing spawn area: 24%
[02:29:06] [Server-Worker-1/INFO]: Preparing spawn area: 25%
[02:29:06] [Server-Worker-1/INFO]: Preparing spawn area: 25%
[02:29:07] [Server-Worker-1/INFO]: Preparing spawn area: 25%
[02:29:07] [Server-Worker-1/INFO]: Preparing spawn area: 30%
[02:29:08] [Server-Worker-1/INFO]: Preparing spawn area: 30%
[02:29:08] [Server-Worker-1/INFO]: Preparing spawn area: 30%
[02:29:09] [Server-Worker-1/INFO]: Preparing spawn area: 33%
[02:29:09] [Server-Worker-1/INFO]: Preparing spawn area: 34%
[02:29:10] [Server-Worker-1/INFO]: Preparing spawn area: 34%
[02:29:10] [Server-Worker-1/INFO]: Preparing spawn area: 36%
[02:29:11] [Server-Worker-1/INFO]: Preparing spawn area: 36%
[02:29:11] [Server-Worker-1/INFO]: Preparing spawn area: 36%
[02:29:12] [Server-Worker-1/INFO]: Preparing spawn area: 42%
[02:29:12] [Server-Worker-2/INFO]: Preparing spawn area: 43%
[02:29:17] [Server-Worker-2/INFO]: Preparing spawn area: 43%
[02:29:17] [Server-Worker-2/INFO]: Preparing spawn area: 43%
[02:29:17] [Server-Worker-2/INFO]: Preparing spawn area: 43%
[02:29:17] [Server-Worker-2/INFO]: Preparing spawn area: 43%
[02:29:17] [Server-Worker-2/INFO]: Preparing spawn area: 43%
[02:29:17] [Server-Worker-2/INFO]: Preparing spawn area: 43%
[02:29:17] [Server-Worker-2/INFO]: Preparing spawn area: 43%
[02:29:17] [Server-Worker-2/INFO]: Preparing spawn area: 43%
[02:29:17] [Server-Worker-2/INFO]: Preparing spawn area: 43%
[02:29:17] [Server-Worker-2/INFO]: Preparing spawn area: 43%
[02:29:18] [Server-Worker-2/INFO]: Preparing spawn area: 54%
[02:29:18] [Server-Worker-2/INFO]: Preparing spawn area: 54%
[02:29:19] [Server-Worker-2/INFO]: Preparing spawn area: 55%
[02:29:19] [Server-Worker-2/INFO]: Preparing spawn area: 56%
[02:29:20] [Server-Worker-2/INFO]: Preparing spawn area: 57%
[02:29:20] [Server-Worker-1/INFO]: Preparing spawn area: 61%
[02:29:22] [Server-Worker-1/INFO]: Preparing spawn area: 63%
[02:29:22] [Server-Worker-1/INFO]: Preparing spawn area: 63%
[02:29:22] [Server-Worker-1/INFO]: Preparing spawn area: 68%
[02:29:22] [Server-Worker-1/INFO]: Preparing spawn area: 69%
[02:29:23] [Server-Worker-1/INFO]: Preparing spawn area: 72%
[02:29:25] [Server-Worker-1/INFO]: Preparing spawn area: 72%
[02:29:25] [Server-Worker-1/INFO]: Preparing spawn area: 72%
[02:29:25] [Server-Worker-1/INFO]: Preparing spawn area: 72%
[02:29:25] [Server-Worker-1/INFO]: Preparing spawn area: 72%
[02:29:26] [Server-Worker-1/INFO]: Preparing spawn area: 84%
[02:29:26] [Server-Worker-1/INFO]: Preparing spawn area: 86%
[02:29:26] [Server-Worker-2/INFO]: Preparing spawn area: 88%
[02:29:27] [Server-Worker-1/INFO]: Preparing spawn area: 90%
[02:29:27] [Server-Worker-2/INFO]: Preparing spawn area: 91%
[02:29:28] [Server-Worker-1/INFO]: Preparing spawn area: 96%
[02:29:28] [Server-Worker-1/INFO]: Preparing spawn area: 97%
[02:29:28] [Server thread/INFO]: Time elapsed: 35063 ms
[02:29:28] [Server thread/INFO]: Done (74.619s)! For help, type "help"
[02:29:28] [Server thread/INFO]: Starting GS4 status listener
[02:29:28] [Query Listener #1/INFO]: Query running on 0.0.0.0:40890
[02:34:28] [Server thread/WARN]: Failed to check session lock, aborting
[02:34:28] [Server thread/WARN]: Failed to check session lock, aborting
[02:34:28] [Server thread/WARN]: Failed to check session lock, aborting
[02:39:28] [Server thread/WARN]: Failed to check session lock, aborting
[02:39:28] [Server thread/WARN]: Failed to check session lock, aborting
[02:39:28] [Server thread/WARN]: Failed to check session lock, aborting
[02:44:28] [Server thread/WARN]: Failed to check session lock, aborting
[02:44:28] [Server thread/WARN]: Failed to check session lock, aborting
[02:44:28] [Server thread/WARN]: Failed to check session lock, aborting
[02:49:28] [Server thread/WARN]: Failed to check session lock, aborting
[02:49:28] [Server thread/WARN]: Failed to check session lock, aborting
[02:49:28] [Server thread/WARN]: Failed to check session lock, aborting
[02:51:25] [User Authenticator #1/INFO]: UUID of player xenarc_ is f87a89f7-463e-4a8c-b699-29fdc9d2ebb2
[02:51:25] [Server thread/INFO]: xenarc_[/144.132.45.188:19547] logged in with entity id 362 at (-3.5, 71.0, 89.5)
[02:51:25] [Server thread/INFO]: xenarc_ joined the game
[02:51:27] [Server thread/WARN]: Can't keep up! Is the server overloaded? Running 2366ms or 47 ticks behind
[02:51:41] [Server thread/INFO]: xenarc_ lost connection: Disconnected
[02:51:41] [Server thread/INFO]: xenarc_ left the game
[02:51:41] [Server thread/WARN]: Failed to save player data for xenarc_
[02:52:27] [User Authenticator #2/INFO]: UUID of player xenarc_ is f87a89f7-463e-4a8c-b699-29fdc9d2ebb2
[02:52:28] [Server thread/INFO]: xenarc_[/144.132.45.188:19551] logged in with entity id 571 at (6.5, 65.0, 77.5)
[02:52:28] [Server thread/INFO]: xenarc_ joined the game
[02:52:33] [Server thread/INFO]: xenarc_ lost connection: Disconnected
[02:52:33] [Server thread/INFO]: xenarc_ left the game
[02:52:33] [Server thread/WARN]: Failed to save player data for xenarc_
[02:54:31] [Server thread/WARN]: Failed to check session lock, aborting
[02:54:31] [Server thread/WARN]: Failed to check session lock, aborting
[02:54:31] [Server thread/WARN]: Failed to check session lock, aborting
[02:55:21] [User Authenticator #3/INFO]: UUID of player xenarc_ is f87a89f7-463e-4a8c-b699-29fdc9d2ebb2
[02:55:21] [Server thread/INFO]: xenarc_[/144.132.45.188:19646] logged in with entity id 629 at (-2.5, 65.0, 77.5)
[02:55:21] [Server thread/INFO]: xenarc_ joined the game
[02:55:31] [Server thread/INFO]: xenarc_ lost connection: Disconnected
[02:55:31] [Server thread/INFO]: xenarc_ left the game
[02:55:31] [Server thread/WARN]: Failed to save player data for xenarc_
[02:55:35] [User Authenticator #4/INFO]: UUID of player xenarc_ is f87a89f7-463e-4a8c-b699-29fdc9d2ebb2
[02:55:35] [Server thread/INFO]: xenarc_[/144.132.45.188:19653] logged in with entity id 669 at (9.5, 64.0, 74.5)
[02:55:35] [Server thread/INFO]: xenarc_ joined the game
[02:56:18] [Server thread/INFO]: xenarc_ lost connection: Disconnected
[02:56:18] [Server thread/INFO]: xenarc_ left the game
[02:56:18] [Server thread/WARN]: Failed to save player data for xenarc_
[02:56:37] [User Authenticator #5/INFO]: UUID of player xenarc_ is f87a89f7-463e-4a8c-b699-29fdc9d2ebb2
[02:56:37] [Server thread/INFO]: xenarc_[/144.132.45.188:19664] logged in with entity id 842 at (-0.5, 70.0, 86.5)
[02:56:37] [Server thread/INFO]: xenarc_ joined the game
[02:56:54] [Server thread/INFO]: xenarc_ lost connection: Disconnected
[02:56:54] [Server thread/INFO]: xenarc_ left the game
[02:56:54] [Server thread/WARN]: Failed to save player data for xenarc_
[02:57:02] [User Authenticator #6/INFO]: UUID of player xenarc_ is f87a89f7-463e-4a8c-b699-29fdc9d2ebb2
[02:57:02] [Server thread/INFO]: xenarc_[/144.132.45.188:19667] logged in with entity id 884 at (6.5, 64.0, 71.5)
[02:57:02] [Server thread/INFO]: xenarc_ joined the game
[02:57:18] [Server thread/INFO]: xenarc_ lost connection: Disconnected
[02:57:18] [Server thread/INFO]: xenarc_ left the game
[02:57:18] [Server thread/WARN]: Failed to save player data for xenarc_
[02:59:31] [Server thread/WARN]: Failed to check session lock, aborting
[02:59:31] [Server thread/WARN]: Failed to check session lock, aborting
[02:59:31] [Server thread/WARN]: Failed to check session lock, aborting
[03:04:31] [Server thread/WARN]: Failed to check session lock, aborting
[03:04:31] [Server thread/WARN]: Failed to check session lock, aborting
[03:04:31] [Server thread/WARN]: Failed to check session lock, aborting
